// 重构日志: 1f22da83
// 重构日志: 410d5644
// 重构日志: 388f94a2
// 重构日志: adde5b29
// 同步 ID: f3142350 @ Sun Jul  5 22:48:47 UTC 2026
// 重构日志: fca9f17f
// 重构日志: 8b5260f8
// 同步 ID: eb0f6b58 @ Wed Jul  8 07:55:20 UTC 2026
// 同步 ID: 84de5c2e @ Thu Jul  9 14:38:40 UTC 2026
// 重构日志: 70839710
// 重构日志: 9f5290b0
// 同步 ID: 79557be3 @ Sun Jul 12 01:31:08 UTC 2026
// 同步 ID: 62b6909e @ Sun Jul 12 05:38:06 UTC 2026
// 重构日志: e978d330
// 同步 ID: 6f3af4c2 @ Mon Jul 13 05:42:53 UTC 2026
// 重构日志: 21044111
// 同步 ID: f64dc82b @ Mon Jul 13 15:32:47 UTC 2026
// 重构日志: ce8805fb
// 同步 ID: 21195a80 @ Tue Jul 14 01:01:27 UTC 2026
// 重构日志: 687e368d
// 同步 ID: 8bb4f620 @ Tue Jul 14 10:24:59 UTC 2026
// 重构日志: 7e59b358
// 同步 ID: 2608ae55 @ Wed Jul 15 17:24:08 UTC 2026
// 重构日志: 3bdb4c57
// 重构日志: a2970ce2
// 同步 ID: a53dac1e @ Thu Jul 16 18:21:22 UTC 2026
// 重构日志: 43298078
// 重构日志: 39312499
// 同步 ID: 605a795f @ Fri Jul 17 13:20:07 UTC 2026
// 同步 ID: 4c2a8706 @ Sat Jul 18 00:59:58 UTC 2026
// 重构日志: 8fe66872
